<?xml version="1.0" encoding="UTF-8"?>
<!-- Generated by org.testng.reporters.JUnitReportReporter -->
<testsuite hostname="LAPTOP-138M59TT" failures="0" tests="3" name="AddOneRandomItem" time="44.311" errors="0" timestamp="2024-03-16T16:24:00 EET" skipped="0">
  <testcase classname="AddOneRandomItem" name="AddOneItem" time="8.478"/>
  <system-out/>
  <testcase classname="AddOneRandomItem" name="CheckOut" time="4.186"/>
  <system-out/>
  <testcase classname="AddOneRandomItem" name="SignUp" time="31.647"/>
  <system-out/>
</testsuite> <!-- AddOneRandomItem -->
