<?xml version="1.0" encoding="UTF-8"?>
<!-- Generated by org.testng.reporters.JUnitReportReporter -->
<testsuite hostname="LAPTOP-138M59TT" failures="0" tests="1" name="AddOneRandomItem" time="16.422" errors="0" timestamp="2024-03-15T14:32:40 EET" skipped="0">
  <testcase classname="AddOneRandomItem" name="AddOneItem" time="16.422"/>
  <system-out/>
</testsuite> <!-- AddOneRandomItem -->
